
2022-01-02 22:03:43.929681, <class 'NameError'> requests_city
2022-01-02 22:03:44.030388, <class 'UnboundLocalError'> need_photo
2022-01-02 22:04:58.294411, <class 'NameError'> requests_city
2022-01-02 22:22:47.767946, <class 'TypeError'> requests_city
2022-01-02 22:23:55.910803, <class 'TypeError'> requests_city
2022-01-02 22:25:15.630364, <class 'TypeError'> requests_city
2022-01-02 22:28:02.938578, <class 'TypeError'> requests_city
2022-01-02 22:31:19.463775, <class 'TypeError'> requests_city
2022-01-02 22:32:48.800698, <class 'TypeError'> requests_city
2022-01-02 22:33:15.677293, <class 'TypeError'> requests_city
2022-01-03 22:43:52.667558, <class 'TypeError'> requests_city
2022-01-03 22:43:52.826796, <class 'UnboundLocalError'> need_photo
2022-01-03 22:46:13.391225, <class 'TypeError'> requests_city
2022-01-03 22:47:41.380135, <class 'TypeError'> requests_city
2022-01-03 22:49:18.467958, <class 'TypeError'> requests_city
2022-01-03 23:04:15.285346, <class 'TypeError'> distance
2022-01-03 23:09:30.248634, <class 'TypeError'> distance
2022-01-03 23:13:24.071729, <class 'ValueError'> distance
2022-01-12 21:45:48.219051, <class 'NameError'> get_hotel
2022-01-12 21:47:06.954501, <class 'NameError'> get_hotel
2022-01-12 21:49:28.829939, <class 'NameError'> get_hotel
2022-01-12 21:50:27.966856, <class 'TypeError'> get_hotel
2022-01-12 22:09:07.235801, <class 'TypeError'> get_hotel
2022-01-15 16:42:21.606937, <class 'NameError'> date_travel
2022-01-15 16:42:38.573311, <class 'NameError'> date_travel
2022-01-15 21:20:32.744655, <class 'NameError'> date_travel
2022-01-15 21:28:25.290499, <class 'requests.exceptions.ReadTimeout'>, search_city
2022-01-15 21:39:33.596296, <class 'requests.exceptions.ReadTimeout'>, search_city
2022-01-15 21:43:49.121109, <class 'requests.exceptions.ReadTimeout'>, search_city
2022-01-15 22:03:36.442765, <class 'requests.exceptions.ReadTimeout'>, search_hotels
2022-01-15 22:07:33.072393, <class 'requests.exceptions.ReadTimeout'>, search_hotels
2022-01-16 17:31:32.666637, <class 'IndexError'> get_history
2022-01-17 13:00:09.165604; <class 'AttributeError'>; get_history.
2022-01-17 13:00:21.017245; <class 'AttributeError'>; get_history.
2022-01-17 13:04:45.304682; <class 'AttributeError'>; get_history.
2022-01-17 13:05:43.065460; <class 'AttributeError'>; get_history.
2022-01-17 22:36:00.862517; <class 'TypeError'>; get_hotel.
2022-01-17 23:40:40.660414; <class 'UnboundLocalError'>; get_history.
2022-01-17 23:42:00.416117; <class 'UnboundLocalError'>; get_history.
2022-01-18 10:31:55.618567, <class 'IndexError'>, search_hotels
2022-01-18 10:31:55.843361, <class 'IndexError'>, search_hotels
2022-01-18 10:31:56.035102, <class 'IndexError'>, search_hotels
2022-01-18 10:31:56.226319, <class 'IndexError'>, search_hotels
2022-01-18 10:31:56.400199, <class 'IndexError'>, search_hotels
2022-01-18 10:49:28.142012, <class 'IndexError'>, search_hotels
2022-01-18 10:49:28.143053, <class 'IndexError'>, search_hotels
2022-01-18 10:49:28.144004, <class 'IndexError'>, search_hotels
2022-01-18 10:49:28.145023, <class 'IndexError'>, search_hotels
2022-01-18 10:49:28.146022, <class 'IndexError'>, search_hotels
2022-01-18 10:49:28.147013, <class 'IndexError'>, search_hotels
2022-01-18 10:49:28.147013, <class 'IndexError'>, search_hotels
2022-01-18 10:49:28.148013, <class 'IndexError'>, search_hotels
2022-01-18 10:49:28.149020, <class 'IndexError'>, search_hotels
2022-01-18 10:49:28.150017, <class 'IndexError'>, search_hotels
2022-01-18 10:49:28.151002, <class 'IndexError'>, search_hotels
2022-01-18 10:49:28.151002, <class 'IndexError'>, search_hotels
2022-01-18 10:49:28.152010, <class 'IndexError'>, search_hotels
2022-01-18 10:49:28.153011, <class 'IndexError'>, search_hotels
2022-01-18 10:49:28.154013, <class 'IndexError'>, search_hotels
2022-01-18 10:49:28.154013, <class 'IndexError'>, search_hotels
2022-01-18 10:49:28.155010, <class 'IndexError'>, search_hotels
2022-01-18 10:49:28.156009, <class 'IndexError'>, search_hotels
2022-01-18 10:49:28.157012, <class 'IndexError'>, search_hotels
2022-01-18 10:49:28.158011, <class 'IndexError'>, search_hotels
2022-01-18 10:49:28.159047, <class 'IndexError'>, search_hotels
2022-01-18 10:49:28.160049, <class 'IndexError'>, search_hotels
2022-01-18 10:49:28.160049, <class 'IndexError'>, search_hotels
2022-01-18 10:49:28.161004, <class 'IndexError'>, search_hotels
2022-01-18 10:49:28.162018, <class 'IndexError'>, search_hotels
2022-01-18 10:56:53.065085, <class 'IndexError'>, search_hotels
2022-01-18 10:56:53.066107, <class 'IndexError'>, search_hotels
2022-01-18 10:56:53.067100, <class 'IndexError'>, search_hotels
2022-01-18 10:56:53.068106, <class 'IndexError'>, search_hotels
2022-01-18 10:56:53.068106, <class 'IndexError'>, search_hotels
2022-01-18 10:56:53.069101, <class 'IndexError'>, search_hotels
2022-01-18 10:56:53.070104, <class 'IndexError'>, search_hotels
2022-01-18 10:56:53.071096, <class 'IndexError'>, search_hotels
2022-01-18 10:56:53.071096, <class 'IndexError'>, search_hotels
2022-01-18 10:56:53.072106, <class 'IndexError'>, search_hotels
2022-01-18 10:56:53.073101, <class 'IndexError'>, search_hotels
2022-01-18 10:56:53.073101, <class 'IndexError'>, search_hotels
2022-01-18 10:56:53.074092, <class 'IndexError'>, search_hotels
2022-01-18 10:56:53.075091, <class 'IndexError'>, search_hotels
2022-01-18 10:56:53.075091, <class 'IndexError'>, search_hotels
2022-01-18 10:56:53.076091, <class 'IndexError'>, search_hotels
2022-01-18 10:56:53.077091, <class 'IndexError'>, search_hotels
2022-01-18 10:56:53.077091, <class 'IndexError'>, search_hotels
2022-01-18 10:56:53.078092, <class 'IndexError'>, search_hotels
2022-01-18 10:56:53.079094, <class 'IndexError'>, search_hotels
2022-01-18 10:56:53.079094, <class 'IndexError'>, search_hotels
2022-01-18 10:56:53.080092, <class 'IndexError'>, search_hotels
2022-01-18 10:56:53.081092, <class 'IndexError'>, search_hotels
2022-01-18 10:56:53.081092, <class 'IndexError'>, search_hotels
2022-01-18 10:56:53.082096, <class 'IndexError'>, search_hotels
2022-01-18 10:56:53.330738; <class 'UnboundLocalError'>; get_hotel.
2022-01-18 11:01:08.718379, <class 'IndexError'>, search_hotels
2022-01-18 11:01:08.719380, <class 'IndexError'>, search_hotels
2022-01-18 11:01:08.720348, <class 'IndexError'>, search_hotels
2022-01-18 11:01:08.721346, <class 'IndexError'>, search_hotels
2022-01-18 11:01:08.722379, <class 'IndexError'>, search_hotels
2022-01-18 11:01:08.722379, <class 'IndexError'>, search_hotels
2022-01-18 11:01:08.723383, <class 'IndexError'>, search_hotels
2022-01-18 11:01:08.724336, <class 'IndexError'>, search_hotels
2022-01-18 11:01:08.725379, <class 'IndexError'>, search_hotels
2022-01-18 11:01:08.725379, <class 'IndexError'>, search_hotels
2022-01-18 11:01:08.727335, <class 'IndexError'>, search_hotels
2022-01-18 11:01:08.727335, <class 'IndexError'>, search_hotels
2022-01-18 11:01:08.728379, <class 'IndexError'>, search_hotels
2022-01-18 11:01:08.729333, <class 'IndexError'>, search_hotels
2022-01-18 11:01:08.730331, <class 'IndexError'>, search_hotels
2022-01-18 11:01:08.730331, <class 'IndexError'>, search_hotels
2022-01-18 11:01:08.731383, <class 'IndexError'>, search_hotels
2022-01-18 11:01:08.732331, <class 'IndexError'>, search_hotels
2022-01-18 11:01:08.732331, <class 'IndexError'>, search_hotels
2022-01-18 11:01:08.733360, <class 'IndexError'>, search_hotels
2022-01-18 11:01:08.734379, <class 'IndexError'>, search_hotels
2022-01-18 11:01:08.734379, <class 'IndexError'>, search_hotels
2022-01-18 11:01:08.735333, <class 'IndexError'>, search_hotels
2022-01-18 11:01:08.735333, <class 'IndexError'>, search_hotels
2022-01-18 11:01:08.736379, <class 'IndexError'>, search_hotels
2022-01-18 16:32:27.674244; <class 'UnboundLocalError'>; requests_city.
2022-01-18 16:34:42.953553, <class 'KeyError'>, search_city
2022-01-18 16:42:08.655506, <class 'KeyError'>, search_city
2022-01-18 16:46:58.363418, <class 'KeyError'>, search_city
2022-01-18 16:49:32.614948, <class 'KeyError'>, search_city
2022-01-18 16:53:27.382732, <class 'KeyError'>, search_city
2022-01-18 17:02:13.144565, <class 'KeyError'>, search_city
2022-01-18 19:01:17.955761; <class 'TypeError'>; get_history.
2022-01-18 19:43:44.203076; <class 'NameError'>; get_date_history.
2022-01-19 19:09:18.029693; <class 'AttributeError'>; get_photo.
2022-01-19 19:14:03.710933; <class 'AttributeError'>; count_photo.
2022-01-19 19:15:15.634919; <class 'AttributeError'>; count_photo.
2022-01-20 09:58:03.547319, <class 'requests.exceptions.ReadTimeout'>, search_hotels
2022-01-20 09:58:03.919947, <class 'telebot.apihelper.ApiTelegramException'> photo
2022-01-20 10:08:21.367943, <class 'telebot.apihelper.ApiTelegramException'> photo